{"C:\\Users\\Kayode\\Desktop\\FEW\\DCPT Backend\\My_Projects\\Authentication N Authorization\\server.js": {"path":"C:\\Users\\Kayode\\Desktop\\FEW\\DCPT Backend\\My_Projects\\Authentication N Authorization\\server.js","statementMap":{"0":{"start":{"line":1,"column":16},"end":{"line":1,"column":34}},"1":{"start":{"line":2,"column":12},"end":{"line":2,"column":21}},"2":{"start":{"line":3,"column":12},"end":{"line":3,"column":26}},"3":{"start":{"line":4,"column":19},"end":{"line":4,"column":41}},"4":{"start":{"line":5,"column":16},"end":{"line":5,"column":42}},"5":{"start":{"line":6,"column":12},"end":{"line":6,"column":35}},"6":{"start":{"line":7,"column":11},"end":{"line":7,"column":29}},"7":{"start":{"line":8,"column":13},"end":{"line":8,"column":28}},"8":{"start":{"line":9,"column":17},"end":{"line":9,"column":36}},"9":{"start":{"line":10,"column":0},"end":{"line":10,"column":26}},"10":{"start":{"line":11,"column":13},"end":{"line":11,"column":17}},"11":{"start":{"line":12,"column":18},"end":{"line":12,"column":43}},"12":{"start":{"line":13,"column":18},"end":{"line":13,"column":50}},"13":{"start":{"line":17,"column":0},"end":{"line":17,"column":21}},"14":{"start":{"line":19,"column":0},"end":{"line":19,"column":36}},"15":{"start":{"line":20,"column":0},"end":{"line":20,"column":38}},"16":{"start":{"line":21,"column":0},"end":{"line":21,"column":38}},"17":{"start":{"line":23,"column":0},"end":{"line":23,"column":15}},"18":{"start":{"line":25,"column":0},"end":{"line":25,"column":52}},"19":{"start":{"line":26,"column":0},"end":{"line":26,"column":23}},"20":{"start":{"line":28,"column":0},"end":{"line":34,"column":2}},"21":{"start":{"line":36,"column":0},"end":{"line":36,"column":31}},"22":{"start":{"line":37,"column":0},"end":{"line":37,"column":28}},"23":{"start":{"line":40,"column":0},"end":{"line":40,"column":25}},"24":{"start":{"line":41,"column":0},"end":{"line":41,"column":29}},"25":{"start":{"line":45,"column":0},"end":{"line":57,"column":2}},"26":{"start":{"line":46,"column":17},"end":{"line":46,"column":61}},"27":{"start":{"line":47,"column":18},"end":{"line":49,"column":6}},"28":{"start":{"line":50,"column":4},"end":{"line":54,"column":5}},"29":{"start":{"line":51,"column":8},"end":{"line":53,"column":10}},"30":{"start":{"line":55,"column":4},"end":{"line":55,"column":25}},"31":{"start":{"line":56,"column":4},"end":{"line":56,"column":52}},"32":{"start":{"line":59,"column":0},"end":{"line":61,"column":2}},"33":{"start":{"line":60,"column":4},"end":{"line":60,"column":39}},"34":{"start":{"line":64,"column":0},"end":{"line":70,"column":2}},"35":{"start":{"line":72,"column":0},"end":{"line":78,"column":2}},"36":{"start":{"line":81,"column":0},"end":{"line":82,"column":64}},"37":{"start":{"line":84,"column":0},"end":{"line":89,"column":2}},"38":{"start":{"line":91,"column":0},"end":{"line":93,"column":2}},"39":{"start":{"line":92,"column":4},"end":{"line":92,"column":22}},"40":{"start":{"line":94,"column":0},"end":{"line":105,"column":2}},"41":{"start":{"line":95,"column":17},"end":{"line":95,"column":61}},"42":{"start":{"line":96,"column":18},"end":{"line":98,"column":6}},"43":{"start":{"line":99,"column":4},"end":{"line":103,"column":5}},"44":{"start":{"line":100,"column":8},"end":{"line":102,"column":10}},"45":{"start":{"line":104,"column":4},"end":{"line":104,"column":52}},"46":{"start":{"line":108,"column":0},"end":{"line":108,"column":23}},"47":{"start":{"line":109,"column":0},"end":{"line":109,"column":78}},"48":{"start":{"line":112,"column":0},"end":{"line":114,"column":2}},"49":{"start":{"line":113,"column":4},"end":{"line":113,"column":23}},"50":{"start":{"line":117,"column":0},"end":{"line":119,"column":2}},"51":{"start":{"line":118,"column":4},"end":{"line":118,"column":24}},"52":{"start":{"line":122,"column":0},"end":{"line":124,"column":2}},"53":{"start":{"line":123,"column":4},"end":{"line":123,"column":23}},"54":{"start":{"line":126,"column":0},"end":{"line":128,"column":2}},"55":{"start":{"line":127,"column":4},"end":{"line":127,"column":23}},"56":{"start":{"line":130,"column":0},"end":{"line":137,"column":3}},"57":{"start":{"line":131,"column":4},"end":{"line":136,"column":7}},"58":{"start":{"line":132,"column":8},"end":{"line":134,"column":9}},"59":{"start":{"line":133,"column":12},"end":{"line":133,"column":29}},"60":{"start":{"line":135,"column":8},"end":{"line":135,"column":26}},"61":{"start":{"line":141,"column":0},"end":{"line":144,"column":3}},"62":{"start":{"line":142,"column":4},"end":{"line":142,"column":21}},"63":{"start":{"line":143,"column":4},"end":{"line":143,"column":45}},"64":{"start":{"line":147,"column":0},"end":{"line":149,"column":2}},"65":{"start":{"line":148,"column":4},"end":{"line":148,"column":39}},"66":{"start":{"line":151,"column":0},"end":{"line":151,"column":20}}},"fnMap":{"0":{"name":"(anonymous_0)","decl":{"start":{"line":45,"column":20},"end":{"line":45,"column":21}},"loc":{"start":{"line":45,"column":34},"end":{"line":57,"column":1}},"line":45},"1":{"name":"(anonymous_1)","decl":{"start":{"line":59,"column":20},"end":{"line":59,"column":21}},"loc":{"start":{"line":59,"column":34},"end":{"line":61,"column":1}},"line":59},"2":{"name":"(anonymous_2)","decl":{"start":{"line":91,"column":19},"end":{"line":91,"column":20}},"loc":{"start":{"line":91,"column":39},"end":{"line":93,"column":1}},"line":91},"3":{"name":"(anonymous_3)","decl":{"start":{"line":94,"column":27},"end":{"line":94,"column":28}},"loc":{"start":{"line":94,"column":47},"end":{"line":105,"column":1}},"line":94},"4":{"name":"(anonymous_4)","decl":{"start":{"line":112,"column":13},"end":{"line":112,"column":14}},"loc":{"start":{"line":112,"column":27},"end":{"line":114,"column":1}},"line":112},"5":{"name":"(anonymous_5)","decl":{"start":{"line":117,"column":19},"end":{"line":117,"column":20}},"loc":{"start":{"line":117,"column":33},"end":{"line":119,"column":1}},"line":117},"6":{"name":"(anonymous_6)","decl":{"start":{"line":122,"column":18},"end":{"line":122,"column":19}},"loc":{"start":{"line":122,"column":32},"end":{"line":124,"column":1}},"line":122},"7":{"name":"(anonymous_7)","decl":{"start":{"line":126,"column":39},"end":{"line":126,"column":40}},"loc":{"start":{"line":126,"column":53},"end":{"line":128,"column":1}},"line":126},"8":{"name":"(anonymous_8)","decl":{"start":{"line":130,"column":20},"end":{"line":130,"column":21}},"loc":{"start":{"line":130,"column":46},"end":{"line":137,"column":1}},"line":130},"9":{"name":"(anonymous_9)","decl":{"start":{"line":131,"column":15},"end":{"line":131,"column":16}},"loc":{"start":{"line":131,"column":30},"end":{"line":136,"column":5}},"line":131},"10":{"name":"(anonymous_10)","decl":{"start":{"line":141,"column":8},"end":{"line":141,"column":9}},"loc":{"start":{"line":141,"column":33},"end":{"line":144,"column":1}},"line":141},"11":{"name":"(anonymous_11)","decl":{"start":{"line":147,"column":17},"end":{"line":147,"column":18}},"loc":{"start":{"line":147,"column":31},"end":{"line":149,"column":1}},"line":147}},"branchMap":{"0":{"loc":{"start":{"line":50,"column":4},"end":{"line":54,"column":5}},"type":"if","locations":[{"start":{"line":50,"column":4},"end":{"line":54,"column":5}},{"start":{},"end":{}}],"line":50},"1":{"loc":{"start":{"line":99,"column":4},"end":{"line":103,"column":5}},"type":"if","locations":[{"start":{"line":99,"column":4},"end":{"line":103,"column":5}},{"start":{},"end":{}}],"line":99},"2":{"loc":{"start":{"line":132,"column":8},"end":{"line":134,"column":9}},"type":"if","locations":[{"start":{"line":132,"column":8},"end":{"line":134,"column":9}},{"start":{},"end":{}}],"line":132}},"s":{"0":1,"1":1,"2":1,"3":1,"4":1,"5":1,"6":1,"7":1,"8":1,"9":1,"10":1,"11":1,"12":1,"13":1,"14":1,"15":1,"16":1,"17":1,"18":1,"19":1,"20":1,"21":1,"22":1,"23":1,"24":1,"25":1,"26":0,"27":0,"28":0,"29":0,"30":0,"31":0,"32":1,"33":0,"34":1,"35":1,"36":1,"37":1,"38":1,"39":0,"40":1,"41":0,"42":0,"43":0,"44":0,"45":0,"46":1,"47":1,"48":1,"49":0,"50":1,"51":0,"52":1,"53":0,"54":1,"55":0,"56":1,"57":0,"58":0,"59":0,"60":0,"61":1,"62":0,"63":0,"64":1,"65":1,"66":1},"f":{"0":0,"1":0,"2":0,"3":0,"4":0,"5":0,"6":0,"7":0,"8":0,"9":0,"10":0,"11":1},"b":{"0":[0,0],"1":[0,0],"2":[0,0]},"_coverageSchema":"1a1c01bbd47fc00a2c39e90264f33305004495a9","hash":"5a1a46bffd3161ba44245c9acd016de4cd7be781"}
,"C:\\Users\\Kayode\\Desktop\\FEW\\DCPT Backend\\My_Projects\\Authentication N Authorization\\authenticationssss\\auth.js": {"path":"C:\\Users\\Kayode\\Desktop\\FEW\\DCPT Backend\\My_Projects\\Authentication N Authorization\\authenticationssss\\auth.js","statementMap":{"0":{"start":{"line":1,"column":17},"end":{"line":1,"column":36}},"1":{"start":{"line":2,"column":22},"end":{"line":2,"column":56}},"2":{"start":{"line":3,"column":18},"end":{"line":3,"column":43}},"3":{"start":{"line":4,"column":20},"end":{"line":4,"column":52}},"4":{"start":{"line":5,"column":19},"end":{"line":5,"column":53}},"5":{"start":{"line":6,"column":0},"end":{"line":6,"column":27}},"6":{"start":{"line":10,"column":0},"end":{"line":25,"column":2}},"7":{"start":{"line":18,"column":12},"end":{"line":22,"column":13}},"8":{"start":{"line":19,"column":16},"end":{"line":19,"column":45}},"9":{"start":{"line":21,"column":16},"end":{"line":21,"column":27}},"10":{"start":{"line":27,"column":0},"end":{"line":52,"column":1}},"11":{"start":{"line":36,"column":29},"end":{"line":36,"column":37}},"12":{"start":{"line":37,"column":8},"end":{"line":49,"column":9}},"13":{"start":{"line":39,"column":33},"end":{"line":39,"column":73}},"14":{"start":{"line":40,"column":12},"end":{"line":42,"column":13}},"15":{"start":{"line":41,"column":16},"end":{"line":41,"column":81}},"16":{"start":{"line":44,"column":25},"end":{"line":44,"column":78}},"17":{"start":{"line":46,"column":12},"end":{"line":46,"column":35}},"18":{"start":{"line":48,"column":11},"end":{"line":48,"column":27}},"19":{"start":{"line":54,"column":0},"end":{"line":81,"column":2}},"20":{"start":{"line":62,"column":12},"end":{"line":78,"column":13}},"21":{"start":{"line":63,"column":29},"end":{"line":63,"column":63}},"22":{"start":{"line":65,"column":16},"end":{"line":67,"column":17}},"23":{"start":{"line":66,"column":20},"end":{"line":66,"column":76}},"24":{"start":{"line":69,"column":33},"end":{"line":69,"column":69}},"25":{"start":{"line":71,"column":16},"end":{"line":73,"column":17}},"26":{"start":{"line":72,"column":20},"end":{"line":72,"column":76}},"27":{"start":{"line":75,"column":16},"end":{"line":75,"column":79}},"28":{"start":{"line":77,"column":16},"end":{"line":77,"column":35}}},"fnMap":{"0":{"name":"(anonymous_0)","decl":{"start":{"line":17,"column":8},"end":{"line":17,"column":9}},"loc":{"start":{"line":17,"column":37},"end":{"line":23,"column":9}},"line":17},"1":{"name":"(anonymous_1)","decl":{"start":{"line":35,"column":4},"end":{"line":35,"column":5}},"loc":{"start":{"line":35,"column":42},"end":{"line":50,"column":5}},"line":35},"2":{"name":"(anonymous_2)","decl":{"start":{"line":61,"column":8},"end":{"line":61,"column":9}},"loc":{"start":{"line":61,"column":41},"end":{"line":79,"column":9}},"line":61}},"branchMap":{"0":{"loc":{"start":{"line":40,"column":12},"end":{"line":42,"column":13}},"type":"if","locations":[{"start":{"line":40,"column":12},"end":{"line":42,"column":13}},{"start":{},"end":{}}],"line":40},"1":{"loc":{"start":{"line":65,"column":16},"end":{"line":67,"column":17}},"type":"if","locations":[{"start":{"line":65,"column":16},"end":{"line":67,"column":17}},{"start":{},"end":{}}],"line":65},"2":{"loc":{"start":{"line":71,"column":16},"end":{"line":73,"column":17}},"type":"if","locations":[{"start":{"line":71,"column":16},"end":{"line":73,"column":17}},{"start":{},"end":{}}],"line":71}},"s":{"0":1,"1":1,"2":1,"3":1,"4":1,"5":1,"6":1,"7":0,"8":0,"9":0,"10":1,"11":0,"12":0,"13":0,"14":0,"15":0,"16":0,"17":0,"18":0,"19":1,"20":0,"21":0,"22":0,"23":0,"24":0,"25":0,"26":0,"27":0,"28":0},"f":{"0":0,"1":0,"2":0},"b":{"0":[0,0],"1":[0,0],"2":[0,0]},"_coverageSchema":"1a1c01bbd47fc00a2c39e90264f33305004495a9","hash":"d35bdf88e60dccc1d09abc37815f3d7a3182a95c"}
,"C:\\Users\\Kayode\\Desktop\\FEW\\DCPT Backend\\My_Projects\\Authentication N Authorization\\authenticationssss\\github.js": {"path":"C:\\Users\\Kayode\\Desktop\\FEW\\DCPT Backend\\My_Projects\\Authentication N Authorization\\authenticationssss\\github.js","statementMap":{"0":{"start":{"line":1,"column":17},"end":{"line":1,"column":36}},"1":{"start":{"line":2,"column":23},"end":{"line":2,"column":59}},"2":{"start":{"line":3,"column":13},"end":{"line":3,"column":38}},"3":{"start":{"line":4,"column":0},"end":{"line":4,"column":26}},"4":{"start":{"line":6,"column":0},"end":{"line":8,"column":5}},"5":{"start":{"line":7,"column":4},"end":{"line":7,"column":21}},"6":{"start":{"line":10,"column":2},"end":{"line":12,"column":5}},"7":{"start":{"line":11,"column":8},"end":{"line":11,"column":25}},"8":{"start":{"line":14,"column":0},"end":{"line":41,"column":3}},"9":{"start":{"line":20,"column":4},"end":{"line":20,"column":24}},"10":{"start":{"line":21,"column":4},"end":{"line":39,"column":5}},"11":{"start":{"line":22,"column":29},"end":{"line":22,"column":79}},"12":{"start":{"line":23,"column":8},"end":{"line":25,"column":9}},"13":{"start":{"line":24,"column":12},"end":{"line":24,"column":43}},"14":{"start":{"line":27,"column":21},"end":{"line":32,"column":9}},"15":{"start":{"line":34,"column":26},"end":{"line":35,"column":15}},"16":{"start":{"line":36,"column":8},"end":{"line":36,"column":36}},"17":{"start":{"line":38,"column":8},"end":{"line":38,"column":24}}},"fnMap":{"0":{"name":"(anonymous_0)","decl":{"start":{"line":6,"column":23},"end":{"line":6,"column":24}},"loc":{"start":{"line":6,"column":44},"end":{"line":8,"column":3}},"line":6},"1":{"name":"(anonymous_1)","decl":{"start":{"line":10,"column":27},"end":{"line":10,"column":28}},"loc":{"start":{"line":10,"column":48},"end":{"line":12,"column":3}},"line":10},"2":{"name":"(anonymous_2)","decl":{"start":{"line":19,"column":3},"end":{"line":19,"column":4}},"loc":{"start":{"line":19,"column":60},"end":{"line":40,"column":3}},"line":19}},"branchMap":{"0":{"loc":{"start":{"line":23,"column":8},"end":{"line":25,"column":9}},"type":"if","locations":[{"start":{"line":23,"column":8},"end":{"line":25,"column":9}},{"start":{},"end":{}}],"line":23}},"s":{"0":1,"1":1,"2":1,"3":1,"4":1,"5":0,"6":1,"7":0,"8":1,"9":0,"10":0,"11":0,"12":0,"13":0,"14":0,"15":0,"16":0,"17":0},"f":{"0":0,"1":0,"2":0},"b":{"0":[0,0]},"_coverageSchema":"1a1c01bbd47fc00a2c39e90264f33305004495a9","hash":"8f324a0993f6694aff3dd55176ff6e873b41673c"}
,"C:\\Users\\Kayode\\Desktop\\FEW\\DCPT Backend\\My_Projects\\Authentication N Authorization\\authenticationssss\\google.js": {"path":"C:\\Users\\Kayode\\Desktop\\FEW\\DCPT Backend\\My_Projects\\Authentication N Authorization\\authenticationssss\\google.js","statementMap":{"0":{"start":{"line":1,"column":17},"end":{"line":1,"column":36}},"1":{"start":{"line":2,"column":23},"end":{"line":2,"column":65}},"2":{"start":{"line":3,"column":12},"end":{"line":3,"column":35}},"3":{"start":{"line":4,"column":13},"end":{"line":4,"column":38}},"4":{"start":{"line":5,"column":15},"end":{"line":5,"column":32}},"5":{"start":{"line":6,"column":0},"end":{"line":6,"column":27}},"6":{"start":{"line":9,"column":0},"end":{"line":11,"column":3}},"7":{"start":{"line":10,"column":2},"end":{"line":10,"column":19}},"8":{"start":{"line":13,"column":0},"end":{"line":15,"column":3}},"9":{"start":{"line":14,"column":6},"end":{"line":14,"column":23}},"10":{"start":{"line":17,"column":0},"end":{"line":57,"column":3}},"11":{"start":{"line":27,"column":6},"end":{"line":53,"column":7}},"12":{"start":{"line":29,"column":29},"end":{"line":29,"column":73}},"13":{"start":{"line":30,"column":8},"end":{"line":32,"column":9}},"14":{"start":{"line":31,"column":10},"end":{"line":31,"column":41}},"15":{"start":{"line":34,"column":21},"end":{"line":39,"column":9}},"16":{"start":{"line":42,"column":26},"end":{"line":49,"column":10}},"17":{"start":{"line":46,"column":10},"end":{"line":46,"column":33}},"18":{"start":{"line":48,"column":10},"end":{"line":48,"column":34}},"19":{"start":{"line":52,"column":8},"end":{"line":52,"column":33}}},"fnMap":{"0":{"name":"(anonymous_0)","decl":{"start":{"line":9,"column":23},"end":{"line":9,"column":24}},"loc":{"start":{"line":9,"column":44},"end":{"line":11,"column":1}},"line":9},"1":{"name":"(anonymous_1)","decl":{"start":{"line":13,"column":25},"end":{"line":13,"column":26}},"loc":{"start":{"line":13,"column":46},"end":{"line":15,"column":1}},"line":13},"2":{"name":"(anonymous_2)","decl":{"start":{"line":23,"column":3},"end":{"line":23,"column":4}},"loc":{"start":{"line":23,"column":69},"end":{"line":56,"column":3}},"line":23},"3":{"name":"(anonymous_3)","decl":{"start":{"line":45,"column":14},"end":{"line":45,"column":15}},"loc":{"start":{"line":45,"column":24},"end":{"line":47,"column":9}},"line":45},"4":{"name":"(anonymous_4)","decl":{"start":{"line":47,"column":17},"end":{"line":47,"column":18}},"loc":{"start":{"line":47,"column":26},"end":{"line":49,"column":9}},"line":47}},"branchMap":{"0":{"loc":{"start":{"line":30,"column":8},"end":{"line":32,"column":9}},"type":"if","locations":[{"start":{"line":30,"column":8},"end":{"line":32,"column":9}},{"start":{},"end":{}}],"line":30}},"s":{"0":1,"1":1,"2":1,"3":1,"4":1,"5":1,"6":1,"7":0,"8":1,"9":0,"10":1,"11":0,"12":0,"13":0,"14":0,"15":0,"16":0,"17":0,"18":0,"19":0},"f":{"0":0,"1":0,"2":0,"3":0,"4":0},"b":{"0":[0,0]},"_coverageSchema":"1a1c01bbd47fc00a2c39e90264f33305004495a9","hash":"1cc2da6edd0417ae8f751e0a9aa570c24f15d483"}
,"C:\\Users\\Kayode\\Desktop\\FEW\\DCPT Backend\\My_Projects\\Authentication N Authorization\\controllers\\books.controller.js": {"path":"C:\\Users\\Kayode\\Desktop\\FEW\\DCPT Backend\\My_Projects\\Authentication N Authorization\\controllers\\books.controller.js","statementMap":{"0":{"start":{"line":1,"column":18},"end":{"line":1,"column":43}},"1":{"start":{"line":7,"column":19},"end":{"line":22,"column":1}},"2":{"start":{"line":8,"column":21},"end":{"line":8,"column":29}},"3":{"start":{"line":9,"column":4},"end":{"line":21,"column":10}},"4":{"start":{"line":11,"column":12},"end":{"line":15,"column":14}},"5":{"start":{"line":17,"column":12},"end":{"line":20,"column":14}},"6":{"start":{"line":25,"column":20},"end":{"line":33,"column":1}},"7":{"start":{"line":26,"column":4},"end":{"line":32,"column":10}},"8":{"start":{"line":28,"column":12},"end":{"line":28,"column":33}},"9":{"start":{"line":29,"column":12},"end":{"line":29,"column":57}},"10":{"start":{"line":31,"column":12},"end":{"line":31,"column":45}},"11":{"start":{"line":36,"column":20},"end":{"line":44,"column":1}},"12":{"start":{"line":37,"column":15},"end":{"line":37,"column":28}},"13":{"start":{"line":38,"column":4},"end":{"line":43,"column":6}},"14":{"start":{"line":40,"column":8},"end":{"line":40,"column":34}},"15":{"start":{"line":42,"column":8},"end":{"line":42,"column":41}},"16":{"start":{"line":48,"column":23},"end":{"line":60,"column":1}},"17":{"start":{"line":49,"column":17},"end":{"line":49,"column":25}},"18":{"start":{"line":50,"column":15},"end":{"line":50,"column":28}},"19":{"start":{"line":51,"column":4},"end":{"line":59,"column":6}},"20":{"start":{"line":53,"column":8},"end":{"line":56,"column":10}},"21":{"start":{"line":58,"column":8},"end":{"line":58,"column":41}},"22":{"start":{"line":63,"column":23},"end":{"line":73,"column":1}},"23":{"start":{"line":64,"column":15},"end":{"line":64,"column":28}},"24":{"start":{"line":65,"column":4},"end":{"line":72,"column":6}},"25":{"start":{"line":67,"column":8},"end":{"line":69,"column":10}},"26":{"start":{"line":71,"column":8},"end":{"line":71,"column":41}},"27":{"start":{"line":75,"column":0},"end":{"line":81,"column":1}}},"fnMap":{"0":{"name":"(anonymous_0)","decl":{"start":{"line":7,"column":19},"end":{"line":7,"column":20}},"loc":{"start":{"line":7,"column":39},"end":{"line":22,"column":1}},"line":7},"1":{"name":"(anonymous_1)","decl":{"start":{"line":10,"column":14},"end":{"line":10,"column":15}},"loc":{"start":{"line":10,"column":24},"end":{"line":16,"column":9}},"line":10},"2":{"name":"(anonymous_2)","decl":{"start":{"line":16,"column":17},"end":{"line":16,"column":18}},"loc":{"start":{"line":16,"column":26},"end":{"line":21,"column":9}},"line":16},"3":{"name":"(anonymous_3)","decl":{"start":{"line":25,"column":20},"end":{"line":25,"column":21}},"loc":{"start":{"line":25,"column":40},"end":{"line":33,"column":1}},"line":25},"4":{"name":"(anonymous_4)","decl":{"start":{"line":27,"column":14},"end":{"line":27,"column":15}},"loc":{"start":{"line":27,"column":25},"end":{"line":30,"column":9}},"line":27},"5":{"name":"(anonymous_5)","decl":{"start":{"line":30,"column":17},"end":{"line":30,"column":18}},"loc":{"start":{"line":30,"column":26},"end":{"line":32,"column":9}},"line":30},"6":{"name":"(anonymous_6)","decl":{"start":{"line":36,"column":20},"end":{"line":36,"column":21}},"loc":{"start":{"line":36,"column":40},"end":{"line":44,"column":1}},"line":36},"7":{"name":"(anonymous_7)","decl":{"start":{"line":39,"column":10},"end":{"line":39,"column":11}},"loc":{"start":{"line":39,"column":20},"end":{"line":41,"column":5}},"line":39},"8":{"name":"(anonymous_8)","decl":{"start":{"line":41,"column":13},"end":{"line":41,"column":14}},"loc":{"start":{"line":41,"column":22},"end":{"line":43,"column":5}},"line":41},"9":{"name":"(anonymous_9)","decl":{"start":{"line":48,"column":23},"end":{"line":48,"column":24}},"loc":{"start":{"line":48,"column":43},"end":{"line":60,"column":1}},"line":48},"10":{"name":"(anonymous_10)","decl":{"start":{"line":52,"column":10},"end":{"line":52,"column":11}},"loc":{"start":{"line":52,"column":20},"end":{"line":57,"column":5}},"line":52},"11":{"name":"(anonymous_11)","decl":{"start":{"line":57,"column":13},"end":{"line":57,"column":14}},"loc":{"start":{"line":57,"column":22},"end":{"line":59,"column":5}},"line":57},"12":{"name":"(anonymous_12)","decl":{"start":{"line":63,"column":23},"end":{"line":63,"column":24}},"loc":{"start":{"line":63,"column":43},"end":{"line":73,"column":1}},"line":63},"13":{"name":"(anonymous_13)","decl":{"start":{"line":66,"column":10},"end":{"line":66,"column":11}},"loc":{"start":{"line":66,"column":20},"end":{"line":70,"column":5}},"line":66},"14":{"name":"(anonymous_14)","decl":{"start":{"line":70,"column":13},"end":{"line":70,"column":14}},"loc":{"start":{"line":70,"column":22},"end":{"line":72,"column":5}},"line":70}},"branchMap":{},"s":{"0":1,"1":1,"2":0,"3":0,"4":0,"5":0,"6":1,"7":0,"8":0,"9":0,"10":0,"11":1,"12":0,"13":0,"14":0,"15":0,"16":1,"17":0,"18":0,"19":0,"20":0,"21":0,"22":1,"23":0,"24":0,"25":0,"26":0,"27":1},"f":{"0":0,"1":0,"2":0,"3":0,"4":0,"5":0,"6":0,"7":0,"8":0,"9":0,"10":0,"11":0,"12":0,"13":0,"14":0},"b":{},"_coverageSchema":"1a1c01bbd47fc00a2c39e90264f33305004495a9","hash":"6f52ac148e4e289ecfd437fa584a5e6a470ab167"}
,"C:\\Users\\Kayode\\Desktop\\FEW\\DCPT Backend\\My_Projects\\Authentication N Authorization\\db\\db.js": {"path":"C:\\Users\\Kayode\\Desktop\\FEW\\DCPT Backend\\My_Projects\\Authentication N Authorization\\db\\db.js","statementMap":{"0":{"start":{"line":1,"column":17},"end":{"line":1,"column":36}},"1":{"start":{"line":2,"column":0},"end":{"line":2,"column":26}},"2":{"start":{"line":3,"column":20},"end":{"line":3,"column":43}},"3":{"start":{"line":6,"column":4},"end":{"line":6,"column":33}},"4":{"start":{"line":9,"column":4},"end":{"line":11,"column":6}},"5":{"start":{"line":10,"column":8},"end":{"line":10,"column":56}},"6":{"start":{"line":13,"column":4},"end":{"line":15,"column":7}},"7":{"start":{"line":14,"column":8},"end":{"line":14,"column":63}},"8":{"start":{"line":18,"column":0},"end":{"line":18,"column":37}}},"fnMap":{"0":{"name":"connectToMongoDB","decl":{"start":{"line":5,"column":9},"end":{"line":5,"column":25}},"loc":{"start":{"line":5,"column":28},"end":{"line":16,"column":1}},"line":5},"1":{"name":"(anonymous_1)","decl":{"start":{"line":9,"column":40},"end":{"line":9,"column":41}},"loc":{"start":{"line":9,"column":46},"end":{"line":11,"column":5}},"line":9},"2":{"name":"(anonymous_2)","decl":{"start":{"line":13,"column":36},"end":{"line":13,"column":37}},"loc":{"start":{"line":13,"column":45},"end":{"line":15,"column":5}},"line":13}},"branchMap":{},"s":{"0":1,"1":1,"2":1,"3":1,"4":1,"5":0,"6":1,"7":0,"8":1},"f":{"0":1,"1":0,"2":0},"b":{},"_coverageSchema":"1a1c01bbd47fc00a2c39e90264f33305004495a9","hash":"ea0f93f3505067abe4a88f1517c447d8849a82f9"}
,"C:\\Users\\Kayode\\Desktop\\FEW\\DCPT Backend\\My_Projects\\Authentication N Authorization\\models\\book.js": {"path":"C:\\Users\\Kayode\\Desktop\\FEW\\DCPT Backend\\My_Projects\\Authentication N Authorization\\models\\book.js","statementMap":{"0":{"start":{"line":1,"column":17},"end":{"line":1,"column":36}},"1":{"start":{"line":2,"column":15},"end":{"line":2,"column":30}},"2":{"start":{"line":4,"column":18},"end":{"line":20,"column":1}},"3":{"start":{"line":22,"column":0},"end":{"line":22,"column":51}}},"fnMap":{},"branchMap":{},"s":{"0":1,"1":1,"2":1,"3":1},"f":{},"b":{},"_coverageSchema":"1a1c01bbd47fc00a2c39e90264f33305004495a9","hash":"54339261e9e88f10cb08b08b17e2f735a8dfc715"}
,"C:\\Users\\Kayode\\Desktop\\FEW\\DCPT Backend\\My_Projects\\Authentication N Authorization\\models\\user.js": {"path":"C:\\Users\\Kayode\\Desktop\\FEW\\DCPT Backend\\My_Projects\\Authentication N Authorization\\models\\user.js","statementMap":{"0":{"start":{"line":1,"column":17},"end":{"line":1,"column":36}},"1":{"start":{"line":2,"column":15},"end":{"line":2,"column":32}},"2":{"start":{"line":3,"column":15},"end":{"line":3,"column":30}},"3":{"start":{"line":5,"column":24},"end":{"line":26,"column":1}},"4":{"start":{"line":28,"column":0},"end":{"line":37,"column":1}},"5":{"start":{"line":31,"column":21},"end":{"line":31,"column":25}},"6":{"start":{"line":32,"column":21},"end":{"line":32,"column":57}},"7":{"start":{"line":34,"column":8},"end":{"line":34,"column":29}},"8":{"start":{"line":35,"column":8},"end":{"line":35,"column":14}},"9":{"start":{"line":39,"column":0},"end":{"line":44,"column":3}},"10":{"start":{"line":40,"column":17},"end":{"line":40,"column":21}},"11":{"start":{"line":41,"column":20},"end":{"line":41,"column":65}},"12":{"start":{"line":43,"column":4},"end":{"line":43,"column":19}},"13":{"start":{"line":46,"column":19},"end":{"line":46,"column":59}},"14":{"start":{"line":48,"column":0},"end":{"line":48,"column":27}}},"fnMap":{"0":{"name":"(anonymous_0)","decl":{"start":{"line":30,"column":4},"end":{"line":30,"column":5}},"loc":{"start":{"line":30,"column":26},"end":{"line":36,"column":5}},"line":30},"1":{"name":"(anonymous_1)","decl":{"start":{"line":39,"column":42},"end":{"line":39,"column":43}},"loc":{"start":{"line":39,"column":67},"end":{"line":44,"column":3}},"line":39}},"branchMap":{},"s":{"0":2,"1":2,"2":2,"3":2,"4":2,"5":0,"6":0,"7":0,"8":0,"9":2,"10":0,"11":0,"12":0,"13":2,"14":2},"f":{"0":0,"1":0},"b":{},"_coverageSchema":"1a1c01bbd47fc00a2c39e90264f33305004495a9","hash":"2c615bccd586dbf520a3c4a781bfdc9824969808"}
,"C:\\Users\\Kayode\\Desktop\\FEW\\DCPT Backend\\My_Projects\\Authentication N Authorization\\routes\\auths.js": {"path":"C:\\Users\\Kayode\\Desktop\\FEW\\DCPT Backend\\My_Projects\\Authentication N Authorization\\routes\\auths.js","statementMap":{"0":{"start":{"line":1,"column":16},"end":{"line":1,"column":34}},"1":{"start":{"line":2,"column":17},"end":{"line":2,"column":36}},"2":{"start":{"line":3,"column":12},"end":{"line":3,"column":21}},"3":{"start":{"line":4,"column":18},"end":{"line":4,"column":43}},"4":{"start":{"line":5,"column":19},"end":{"line":5,"column":35}},"5":{"start":{"line":6,"column":12},"end":{"line":6,"column":35}},"6":{"start":{"line":7,"column":0},"end":{"line":7,"column":27}},"7":{"start":{"line":10,"column":0},"end":{"line":34,"column":2}},"8":{"start":{"line":30,"column":21},"end":{"line":30,"column":65}},"9":{"start":{"line":31,"column":22},"end":{"line":31,"column":70}},"10":{"start":{"line":32,"column":8},"end":{"line":32,"column":56}},"11":{"start":{"line":39,"column":0},"end":{"line":72,"column":2}},"12":{"start":{"line":42,"column":8},"end":{"line":70,"column":26}},"13":{"start":{"line":44,"column":12},"end":{"line":68,"column":13}},"14":{"start":{"line":45,"column":16},"end":{"line":47,"column":17}},"15":{"start":{"line":46,"column":20},"end":{"line":46,"column":37}},"16":{"start":{"line":48,"column":16},"end":{"line":51,"column":17}},"17":{"start":{"line":49,"column":34},"end":{"line":49,"column":80}},"18":{"start":{"line":50,"column":20},"end":{"line":50,"column":39}},"19":{"start":{"line":53,"column":16},"end":{"line":65,"column":18}},"20":{"start":{"line":55,"column":24},"end":{"line":55,"column":54}},"21":{"start":{"line":55,"column":35},"end":{"line":55,"column":54}},"22":{"start":{"line":57,"column":37},"end":{"line":57,"column":73}},"23":{"start":{"line":61,"column":38},"end":{"line":61,"column":86}},"24":{"start":{"line":62,"column":24},"end":{"line":62,"column":42}},"25":{"start":{"line":63,"column":24},"end":{"line":63,"column":69}},"26":{"start":{"line":67,"column":16},"end":{"line":67,"column":35}},"27":{"start":{"line":76,"column":0},"end":{"line":76,"column":27}}},"fnMap":{"0":{"name":"(anonymous_0)","decl":{"start":{"line":12,"column":57},"end":{"line":12,"column":58}},"loc":{"start":{"line":12,"column":83},"end":{"line":33,"column":5}},"line":12},"1":{"name":"(anonymous_1)","decl":{"start":{"line":41,"column":4},"end":{"line":41,"column":5}},"loc":{"start":{"line":41,"column":30},"end":{"line":71,"column":5}},"line":41},"2":{"name":"(anonymous_2)","decl":{"start":{"line":42,"column":39},"end":{"line":42,"column":40}},"loc":{"start":{"line":42,"column":66},"end":{"line":69,"column":9}},"line":42},"3":{"name":"(anonymous_3)","decl":{"start":{"line":54,"column":20},"end":{"line":54,"column":21}},"loc":{"start":{"line":54,"column":37},"end":{"line":64,"column":21}},"line":54}},"branchMap":{"0":{"loc":{"start":{"line":45,"column":16},"end":{"line":47,"column":17}},"type":"if","locations":[{"start":{"line":45,"column":16},"end":{"line":47,"column":17}},{"start":{},"end":{}}],"line":45},"1":{"loc":{"start":{"line":48,"column":16},"end":{"line":51,"column":17}},"type":"if","locations":[{"start":{"line":48,"column":16},"end":{"line":51,"column":17}},{"start":{},"end":{}}],"line":48},"2":{"loc":{"start":{"line":55,"column":24},"end":{"line":55,"column":54}},"type":"if","locations":[{"start":{"line":55,"column":24},"end":{"line":55,"column":54}},{"start":{},"end":{}}],"line":55}},"s":{"0":1,"1":1,"2":1,"3":1,"4":1,"5":1,"6":1,"7":1,"8":0,"9":0,"10":0,"11":1,"12":0,"13":0,"14":0,"15":0,"16":0,"17":0,"18":0,"19":0,"20":0,"21":0,"22":0,"23":0,"24":0,"25":0,"26":0,"27":1},"f":{"0":0,"1":0,"2":0,"3":0},"b":{"0":[0,0],"1":[0,0],"2":[0,0]},"_coverageSchema":"1a1c01bbd47fc00a2c39e90264f33305004495a9","hash":"97914aee58d9554e20049c8350d70b4bede787b2"}
,"C:\\Users\\Kayode\\Desktop\\FEW\\DCPT Backend\\My_Projects\\Authentication N Authorization\\routes\\books.routes.js": {"path":"C:\\Users\\Kayode\\Desktop\\FEW\\DCPT Backend\\My_Projects\\Authentication N Authorization\\routes\\books.routes.js","statementMap":{"0":{"start":{"line":1,"column":16},"end":{"line":1,"column":34}},"1":{"start":{"line":2,"column":15},"end":{"line":2,"column":31}},"2":{"start":{"line":3,"column":80},"end":{"line":3,"column":122}},"3":{"start":{"line":6,"column":0},"end":{"line":6,"column":28}},"4":{"start":{"line":7,"column":0},"end":{"line":7,"column":28}},"5":{"start":{"line":8,"column":0},"end":{"line":8,"column":31}},"6":{"start":{"line":9,"column":0},"end":{"line":9,"column":34}},"7":{"start":{"line":10,"column":0},"end":{"line":10,"column":37}},"8":{"start":{"line":12,"column":0},"end":{"line":12,"column":23}}},"fnMap":{},"branchMap":{},"s":{"0":1,"1":1,"2":1,"3":1,"4":1,"5":1,"6":1,"7":1,"8":1},"f":{},"b":{},"_coverageSchema":"1a1c01bbd47fc00a2c39e90264f33305004495a9","hash":"92a19889ce5bc710401719954af7c3738ba1c857"}
,"C:\\Users\\Kayode\\Desktop\\FEW\\DCPT Backend\\My_Projects\\Authentication N Authorization\\test\\controllers\\auth.js": {"path":"C:\\Users\\Kayode\\Desktop\\FEW\\DCPT Backend\\My_Projects\\Authentication N Authorization\\test\\controllers\\auth.js","statementMap":{"0":{"start":{"line":1,"column":13},"end":{"line":1,"column":41}},"1":{"start":{"line":3,"column":19},"end":{"line":22,"column":1}},"2":{"start":{"line":4,"column":42},"end":{"line":4,"column":50}},"3":{"start":{"line":5,"column":4},"end":{"line":21,"column":5}},"4":{"start":{"line":7,"column":29},"end":{"line":7,"column":64}},"5":{"start":{"line":8,"column":8},"end":{"line":13,"column":9}},"6":{"start":{"line":9,"column":12},"end":{"line":9,"column":28}},"7":{"start":{"line":10,"column":12},"end":{"line":12,"column":15}},"8":{"start":{"line":15,"column":21},"end":{"line":15,"column":69}},"9":{"start":{"line":17,"column":8},"end":{"line":17,"column":24}},"10":{"start":{"line":18,"column":8},"end":{"line":18,"column":23}},"11":{"start":{"line":20,"column":7},"end":{"line":20,"column":23}},"12":{"start":{"line":24,"column":0},"end":{"line":26,"column":1}}},"fnMap":{"0":{"name":"(anonymous_0)","decl":{"start":{"line":3,"column":19},"end":{"line":3,"column":20}},"loc":{"start":{"line":3,"column":39},"end":{"line":22,"column":1}},"line":3}},"branchMap":{"0":{"loc":{"start":{"line":8,"column":8},"end":{"line":13,"column":9}},"type":"if","locations":[{"start":{"line":8,"column":8},"end":{"line":13,"column":9}},{"start":{},"end":{}}],"line":8}},"s":{"0":1,"1":1,"2":2,"3":2,"4":2,"5":2,"6":1,"7":1,"8":2,"9":2,"10":2,"11":0,"12":1},"f":{"0":2},"b":{"0":[1,1]},"_coverageSchema":"1a1c01bbd47fc00a2c39e90264f33305004495a9","hash":"212895495058f40096fc9d03547730d05e7fa196"}
}
